Start testing: Oct 19 15:36 CST
----------------------------------------------------------
7/11 Testing: timestamp_unittest
7/11 Test: timestamp_unittest
Command: "/tmp/muduo/build/bin/timestamp_unittest"
Directory: /tmp/muduo/build/muduo/base/tests
"timestamp_unittest" start time: Oct 19 15:36 CST
Output:
----------------------------------------------------------
1603092986.145766
1603092986.145766
1603092986.145766
1603092986.145804
1603092986.206511
0.060707
big gap 1623
big gap 552
big gap 412
big gap 578
big gap 542
big gap 416
big gap 446
big gap 537
big gap 434
big gap 551
big gap 475
 0: 947390
 1: 52063
 2: 210
 3: 182
 4: 18
 5: 14
 6: 39
 7: 33
 8: 15
 9: 8
10: 2
11: 2
12: 4
13: 1
14: 1
15: 2
16: 0
17: 0
18: 0
19: 0
20: 0
21: 0
22: 0
23: 0
24: 0
25: 0
26: 0
27: 0
28: 0
29: 1
30: 0
31: 0
32: 0
33: 0
34: 0
35: 0
36: 0
37: 0
38: 0
39: 0
40: 0
41: 1
42: 0
43: 0
44: 0
45: 0
46: 0
47: 1
48: 0
49: 1
50: 0
51: 0
52: 0
53: 0
54: 0
55: 0
56: 0
57: 0
58: 0
59: 0
60: 0
61: 0
62: 0
63: 0
64: 0
65: 0
66: 0
67: 0
68: 0
69: 0
70: 0
71: 0
72: 0
73: 0
74: 0
75: 0
76: 0
77: 0
78: 0
79: 0
80: 0
81: 0
82: 0
83: 0
84: 0
85: 0
86: 0
87: 0
88: 0
89: 0
90: 0
91: 0
92: 0
93: 0
94: 0
95: 0
96: 0
97: 0
98: 0
99: 0
<end of output>
Test time =   0.07 sec
----------------------------------------------------------
Test Passed.
"timestamp_unittest" end time: Oct 19 15:36 CST
"timestamp_unittest" time elapsed: 00:00:00
----------------------------------------------------------

6/11 Testing: logstream_test
6/11 Test: logstream_test
Command: "/tmp/muduo/build/bin/logstream_test"
Directory: /tmp/muduo/build/muduo/base/tests
"logstream_test" start time: Oct 19 15:36 CST
Output:
----------------------------------------------------------
Running 10 test cases...

*** No errors detected
<end of output>
Test time =   0.01 sec
----------------------------------------------------------
Test Passed.
"logstream_test" end time: Oct 19 15:36 CST
"logstream_test" time elapsed: 00:00:00
----------------------------------------------------------

5/11 Testing: gzipfile_test
5/11 Test: gzipfile_test
Command: "/tmp/muduo/build/bin/gzipfile_test"
Directory: /tmp/muduo/build/muduo/base/tests
"gzipfile_test" start time: Oct 19 15:36 CST
Output:
----------------------------------------------------------
20201019 07:36:26.229859Z 335101 INFO  tell 0 - GzipFile_test.cc:14
20201019 07:36:26.229901Z 335101 INFO  wrote 61 - GzipFile_test.cc:15
20201019 07:36:26.229964Z 335101 INFO  tell 61 - GzipFile_test.cc:16
testing reader
20201019 07:36:26.230031Z 335101 INFO  tell 0 - GzipFile_test.cc:26
read 61
data 123456789012345678901234567890123456789012345678901234567890
20201019 07:36:26.230043Z 335101 INFO  tell 61 - GzipFile_test.cc:34
PASSED
<end of output>
Test time =   0.01 sec
----------------------------------------------------------
Test Passed.
"gzipfile_test" end time: Oct 19 15:36 CST
"gzipfile_test" time elapsed: 00:00:00
----------------------------------------------------------

3/11 Testing: exception_test
3/11 Test: exception_test
Command: "/tmp/muduo/build/bin/exception_test"
Directory: /tmp/muduo/build/muduo/base/tests
"exception_test" start time: Oct 19 15:36 CST
Output:
----------------------------------------------------------
Stack:
/tmp/muduo/build/bin/exception_test(Bar::test(std::vector<std::__cxx11::basic_string<char, std::char_traits<char>, std::allocator<char> >, std::allocator<std::__cxx11::basic_string<char, std::char_traits<char>, std::allocator<char> > > >)+0x32) [0x4055aa]
/tmp/muduo/build/bin/exception_test(foo()+0x28) [0x4052ce]
/tmp/muduo/build/bin/exception_test(main+0xe) [0x40530b]
/lib64/libc.so.6(__libc_start_main+0xf3) [0x7f6a170ef6a3]
/tmp/muduo/build/bin/exception_test(_start+0x2e) [0x4051ee]

Stack inside lambda:
/tmp/muduo/build/bin/exception_test(Bar::test(std::vector<std::__cxx11::basic_string<char, std::char_traits<char>, std::allocator<char> >, std::allocator<std::__cxx11::basic_string<char, std::char_traits<char>, std::allocator<char> > > >)::{lambda()#1}::operator()() const+0x1e) [0x405482]
/tmp/muduo/build/bin/exception_test(Bar::test(std::vector<std::__cxx11::basic_string<char, std::char_traits<char>, std::allocator<char> >, std::allocator<std::__cxx11::basic_string<char, std::char_traits<char>, std::allocator<char> > > >)+0x71) [0x4055e9]
/tmp/muduo/build/bin/exception_test(foo()+0x28) [0x4052ce]
/tmp/muduo/build/bin/exception_test(main+0xe) [0x40530b]
/lib64/libc.so.6(__libc_start_main+0xf3) [0x7f6a170ef6a3]
/tmp/muduo/build/bin/exception_test(_start+0x2e) [0x4051ee]

Stack inside std::function:
/tmp/muduo/build/bin/exception_test(Bar::test(std::vector<std::__cxx11::basic_string<char, std::char_traits<char>, std::allocator<char> >, std::allocator<std::__cxx11::basic_string<char, std::char_traits<char>, std::allocator<char> > > >)::{lambda()#2}::operator()() const+0x1e) [0x4054fe]
/tmp/muduo/build/bin/exception_test(std::_Function_handler<void (), Bar::test(std::vector<std::__cxx11::basic_string<char, std::char_traits<char>, std::allocator<char> >, std::allocator<std::__cxx11::basic_string<char, std::char_traits<char>, std::allocator<char> > > >)::{lambda()#2}>::_M_invoke(std::_Any_data const&)+0x20) [0x405a0a]
/tmp/muduo/build/bin/exception_test(std::function<void ()>::operator()() const+0x32) [0x405866]
/tmp/muduo/build/bin/exception_test(Bar::test(std::vector<std::__cxx11::basic_string<char, std::char_traits<char>, std::allocator<char> >, std::allocator<std::__cxx11::basic_string<char, std::char_traits<char>, std::allocator<char> > > >)+0x8f) [0x405607]
/tmp/muduo/build/bin/exception_test(foo()+0x28) [0x4052ce]
/tmp/muduo/build/bin/exception_test(main+0xe) [0x40530b]
/lib64/libc.so.6(__libc_start_main+0xf3) [0x7f6a170ef6a3]
/tmp/muduo/build/bin/exception_test(_start+0x2e) [0x4051ee]

Stack inside std::bind:
/tmp/muduo/build/bin/exception_test(Bar::callback()+0x1e) [0x405754]
/tmp/muduo/build/bin/exception_test(void std::__invoke_impl<void, void (Bar::*&)(), Bar*&>(std::__invoke_memfun_deref, void (Bar::*&)(), Bar*&)+0x66) [0x4065fd]
/tmp/muduo/build/bin/exception_test(std::__invoke_result<void (Bar::*&)(), Bar*&>::type std::__invoke<void (Bar::*&)(), Bar*&>(void (Bar::*&)(), Bar*&)+0x37) [0x406575]
/tmp/muduo/build/bin/exception_test(void std::_Bind<void (Bar::*(Bar*))()>::__call<void, , 0ul>(std::tuple<>&&, std::_Index_tuple<0ul>)+0x48) [0x406498]
/tmp/muduo/build/bin/exception_test(void std::_Bind<void (Bar::*(Bar*))()>::operator()<, void>()+0x24) [0x4062f6]
/tmp/muduo/build/bin/exception_test(std::_Function_handler<void (), std::_Bind<void (Bar::*(Bar*))()> >::_M_invoke(std::_Any_data const&)+0x20) [0x405f2c]
/tmp/muduo/build/bin/exception_test(std::function<void ()>::operator()() const+0x32) [0x405866]
/tmp/muduo/build/bin/exception_test(Bar::test(std::vector<std::__cxx11::basic_string<char, std::char_traits<char>, std::allocator<char> >, std::allocator<std::__cxx11::basic_string<char, std::char_traits<char>, std::allocator<char> > > >)+0xea) [0x405662]
/tmp/muduo/build/bin/exception_test(foo()+0x28) [0x4052ce]
/tmp/muduo/build/bin/exception_test(main+0xe) [0x40530b]
/lib64/libc.so.6(__libc_start_main+0xf3) [0x7f6a170ef6a3]
/tmp/muduo/build/bin/exception_test(_start+0x2e) [0x4051ee]

reason: oops
stack trace:
/tmp/muduo/build/bin/exception_test(_ZN5muduo9ExceptionC1ENSt7__cxx1112basic_stringIcSt11char_traitsIcESaIcEEE+0x5d) [0x406a05]
/tmp/muduo/build/bin/exception_test(_ZN3Bar4testESt6vectorINSt7__cxx1112basic_stringIcSt11char_traitsIcESaIcEEESaIS6_EE+0x127) [0x40569f]
/tmp/muduo/build/bin/exception_test(_Z3foov+0x28) [0x4052ce]
/tmp/muduo/build/bin/exception_test(main+0xe) [0x40530b]
/lib64/libc.so.6(__libc_start_main+0xf3) [0x7f6a170ef6a3]
/tmp/muduo/build/bin/exception_test(_start+0x2e) [0x4051ee]

<end of output>
Test time =   0.01 sec
----------------------------------------------------------
Test Passed.
"exception_test" end time: Oct 19 15:36 CST
"exception_test" time elapsed: 00:00:00
----------------------------------------------------------

4/11 Testing: fileutil_test
4/11 Test: fileutil_test
Command: "/tmp/muduo/build/bin/fileutil_test"
Directory: /tmp/muduo/build/muduo/base/tests
"fileutil_test" start time: Oct 19 15:36 CST
Output:
----------------------------------------------------------
21 0 0
21 0 0
0 35 0
0 0 0
0 1024 0
2 1024 0
0 102400 0
0 102400 0
<end of output>
Test time =   0.00 sec
----------------------------------------------------------
Test Passed.
"fileutil_test" end time: Oct 19 15:36 CST
"fileutil_test" time elapsed: 00:00:00
----------------------------------------------------------

1/11 Testing: atomic_unittest
1/11 Test: atomic_unittest
Command: "/tmp/muduo/build/bin/atomic_unittest"
Directory: /tmp/muduo/build/muduo/base/tests
"atomic_unittest" start time: Oct 19 15:36 CST
Output:
----------------------------------------------------------
<end of output>
Test time =   0.00 sec
----------------------------------------------------------
Test Passed.
"atomic_unittest" end time: Oct 19 15:36 CST
"atomic_unittest" time elapsed: 00:00:00
----------------------------------------------------------

9/11 Testing: buffer_unittest
9/11 Test: buffer_unittest
Command: "/tmp/muduo/build/bin/buffer_unittest"
Directory: /tmp/muduo/build/muduo/net/tests
"buffer_unittest" start time: Oct 19 15:36 CST
Output:
----------------------------------------------------------
Running 8 test cases...

*** No errors detected
<end of output>
Test time =   0.01 sec
----------------------------------------------------------
Test Passed.
"buffer_unittest" end time: Oct 19 15:36 CST
"buffer_unittest" time elapsed: 00:00:00
----------------------------------------------------------

2/11 Testing: date_unittest
2/11 Test: date_unittest
Command: "/tmp/muduo/build/bin/date_unittest"
Directory: /tmp/muduo/build/muduo/base/tests
"date_unittest" start time: Oct 19 15:36 CST
Output:
----------------------------------------------------------
2008-09-10
2008-09-10
2008-09-10
2020-10-19
2020-10-19
All passed.
<end of output>
Test time =   0.13 sec
----------------------------------------------------------
Test Passed.
"date_unittest" end time: Oct 19 15:36 CST
"date_unittest" time elapsed: 00:00:00
----------------------------------------------------------

10/11 Testing: inetaddress_unittest
10/11 Test: inetaddress_unittest
Command: "/tmp/muduo/build/bin/inetaddress_unittest"
Directory: /tmp/muduo/build/muduo/net/tests
"inetaddress_unittest" start time: Oct 19 15:36 CST
Output:
----------------------------------------------------------
Running 2 test cases...
20201019 07:36:26.283503Z 335106 INFO  google.com resolved to 59.24.3.174:80 - InetAddress_unittest.cc:41

*** No errors detected
<end of output>
Test time =   0.03 sec
----------------------------------------------------------
Test Passed.
"inetaddress_unittest" end time: Oct 19 15:36 CST
"inetaddress_unittest" time elapsed: 00:00:00
----------------------------------------------------------

8/11 Testing: timezone_unittest
8/11 Test: timezone_unittest
Command: "/tmp/muduo/build/bin/timezone_unittest"
Directory: /tmp/muduo/build/muduo/base/tests
"timezone_unittest" start time: Oct 19 15:36 CST
Output:
----------------------------------------------------------
2006-03-07 00:00:00 -> 2006-03-06 19:00:00-0500(EST)
2006-04-02 06:59:59 -> 2006-04-02 01:59:59-0500(EST)
2006-04-02 07:00:00 -> 2006-04-02 03:00:00-0400(EDT)
2006-05-01 00:00:00 -> 2006-04-30 20:00:00-0400(EDT)
2006-05-02 01:00:00 -> 2006-05-01 21:00:00-0400(EDT)
2006-10-21 05:00:00 -> 2006-10-21 01:00:00-0400(EDT)
2006-10-29 05:59:59 -> 2006-10-29 01:59:59-0400(EDT)
2006-10-29 06:00:00 -> 2006-10-29 01:00:00-0500(EST)
2006-10-29 06:59:59 -> 2006-10-29 01:59:59-0500(EST)
2006-12-31 06:00:00 -> 2006-12-31 01:00:00-0500(EST)
2007-01-01 00:00:00 -> 2006-12-31 19:00:00-0500(EST)
2007-03-07 00:00:00 -> 2007-03-06 19:00:00-0500(EST)
2007-03-11 06:59:59 -> 2007-03-11 01:59:59-0500(EST)
2007-03-11 07:00:00 -> 2007-03-11 03:00:00-0400(EDT)
2007-05-01 00:00:00 -> 2007-04-30 20:00:00-0400(EDT)
2007-05-02 01:00:00 -> 2007-05-01 21:00:00-0400(EDT)
2007-10-31 05:00:00 -> 2007-10-31 01:00:00-0400(EDT)
2007-11-04 05:59:59 -> 2007-11-04 01:59:59-0400(EDT)
2007-11-04 06:00:00 -> 2007-11-04 01:00:00-0500(EST)
2007-11-04 06:59:59 -> 2007-11-04 01:59:59-0500(EST)
2007-12-31 06:00:00 -> 2007-12-31 01:00:00-0500(EST)
2008-01-01 00:00:00 -> 2007-12-31 19:00:00-0500(EST)
2009-03-07 00:00:00 -> 2009-03-06 19:00:00-0500(EST)
2009-03-08 06:59:59 -> 2009-03-08 01:59:59-0500(EST)
2009-03-08 07:00:00 -> 2009-03-08 03:00:00-0400(EDT)
2009-05-01 00:00:00 -> 2009-04-30 20:00:00-0400(EDT)
2009-05-02 01:00:00 -> 2009-05-01 21:00:00-0400(EDT)
2009-10-31 05:00:00 -> 2009-10-31 01:00:00-0400(EDT)
2009-11-01 05:59:59 -> 2009-11-01 01:59:59-0400(EDT)
2009-11-01 06:00:00 -> 2009-11-01 01:00:00-0500(EST)
2009-11-01 06:59:59 -> 2009-11-01 01:59:59-0500(EST)
2009-12-31 06:00:00 -> 2009-12-31 01:00:00-0500(EST)
2010-01-01 00:00:00 -> 2009-12-31 19:00:00-0500(EST)
2010-03-13 00:00:00 -> 2010-03-12 19:00:00-0500(EST)
2010-03-14 06:59:59 -> 2010-03-14 01:59:59-0500(EST)
2010-03-14 07:00:00 -> 2010-03-14 03:00:00-0400(EDT)
2010-05-01 00:00:00 -> 2010-04-30 20:00:00-0400(EDT)
2010-05-02 01:00:00 -> 2010-05-01 21:00:00-0400(EDT)
2010-11-06 05:00:00 -> 2010-11-06 01:00:00-0400(EDT)
2010-11-07 05:59:59 -> 2010-11-07 01:59:59-0400(EDT)
2010-11-07 06:00:00 -> 2010-11-07 01:00:00-0500(EST)
2010-11-07 06:59:59 -> 2010-11-07 01:59:59-0500(EST)
2010-12-31 06:00:00 -> 2010-12-31 01:00:00-0500(EST)
2011-01-01 00:00:00 -> 2010-12-31 19:00:00-0500(EST)
2011-03-01 00:00:00 -> 2011-02-28 19:00:00-0500(EST)
2011-03-13 06:59:59 -> 2011-03-13 01:59:59-0500(EST)
2011-03-13 07:00:00 -> 2011-03-13 03:00:00-0400(EDT)
2011-05-01 00:00:00 -> 2011-04-30 20:00:00-0400(EDT)
2011-05-02 01:00:00 -> 2011-05-01 21:00:00-0400(EDT)
2011-11-06 05:59:59 -> 2011-11-06 01:59:59-0400(EDT)
2011-11-06 06:00:00 -> 2011-11-06 01:00:00-0500(EST)
2011-11-06 06:59:59 -> 2011-11-06 01:59:59-0500(EST)
2011-12-31 06:00:00 -> 2011-12-31 01:00:00-0500(EST)
2012-01-01 00:00:00 -> 2011-12-31 19:00:00-0500(EST)
2011-03-26 00:00:00 -> 2011-03-26 00:00:00+0000(GMT)
2011-03-27 00:59:59 -> 2011-03-27 00:59:59+0000(GMT)
2011-03-27 01:00:00 -> 2011-03-27 02:00:00+0100(BST)
2011-10-30 00:59:59 -> 2011-10-30 01:59:59+0100(BST)
2011-10-30 01:00:00 -> 2011-10-30 01:00:00+0000(GMT)
2012-10-30 01:59:59 -> 2012-10-30 01:59:59+0000(GMT)
2011-12-31 22:00:00 -> 2011-12-31 22:00:00+0000(GMT)
2012-01-01 00:00:00 -> 2012-01-01 00:00:00+0000(GMT)
2012-03-24 00:00:00 -> 2012-03-24 00:00:00+0000(GMT)
2012-03-25 00:59:59 -> 2012-03-25 00:59:59+0000(GMT)
2012-03-25 01:00:00 -> 2012-03-25 02:00:00+0100(BST)
2012-10-28 00:59:59 -> 2012-10-28 01:59:59+0100(BST)
2012-10-28 01:00:00 -> 2012-10-28 01:00:00+0000(GMT)
2012-10-28 01:59:59 -> 2012-10-28 01:59:59+0000(GMT)
2012-12-31 22:00:00 -> 2012-12-31 22:00:00+0000(GMT)
2013-01-01 00:00:00 -> 2013-01-01 00:00:00+0000(GMT)
WRONG: 2011-01-01 00:00:00 -> 2011-01-01 11:00:00+1100(AEDT)
WRONG: 2011-04-02 15:59:59 -> 2011-04-03 02:59:59+1100(AEDT)
WRONG: 2011-04-02 16:00:00 -> 2011-04-03 02:00:00+1000(AEST)
WRONG: 2011-04-02 16:59:59 -> 2011-04-03 02:59:59+1000(AEST)
WRONG: 2011-05-02 01:00:00 -> 2011-05-02 11:00:00+1000(AEST)
WRONG: 2011-10-01 15:59:59 -> 2011-10-02 01:59:59+1000(AEST)
WRONG: 2011-10-01 16:00:00 -> 2011-10-02 03:00:00+1100(AEDT)
WRONG: 2011-12-31 22:00:00 -> 2012-01-01 09:00:00+1100(AEDT)
2011-04-03 00:00:00 -> 2011-04-03 08:00:00+0800(HKT)
2014-04-03 00:00:00 -> 2014-04-03 08:00:00+0800(CST)
<end of output>
Test time =  13.75 sec
----------------------------------------------------------
Test Passed.
"timezone_unittest" end time: Oct 19 15:36 CST
"timezone_unittest" time elapsed: 00:00:13
----------------------------------------------------------

11/11 Testing: timerqueue_unittest
11/11 Test: timerqueue_unittest
Command: "/tmp/muduo/build/bin/timerqueue_unittest"
Directory: /tmp/muduo/build/muduo/net/tests
"timerqueue_unittest" start time: Oct 19 15:36 CST
Output:
----------------------------------------------------------
pid = 335096, tid = 335096
now 1603092986.141581
msg 1603092987.141807 main
msg 1603092988.141948 once1
msg 1603092988.651439 once1.5
msg 1603092989.141928 every2
msg 1603092989.641921 once2.5
msg 1603092990.141911 every3
msg 1603092990.641903 once3.5
msg 1603092991.149911 every2
cancelled at 1603092991.352656
cancelled at 1603092991.942918
msg 1603092993.141973 every3
msg 1603092993.149955 every2
msg 1603092995.149981 every2
msg 1603092996.142071 every3
cancelled at 1603092996.142892
msg 1603092997.150030 every2
msg 1603092999.150057 every2
msg 1603093001.150110 every2
msg 1603093003.150173 every2
msg 1603093005.150235 every2
msg 1603093007.150317 every2
msg 1603093009.150380 every2
msg 1603093011.150432 every2
msg 1603093011.150456 main loop exits
pid = 335096, tid = 335170
now 1603093014.150898
msg 1603093015.150897 thread loop exits
<end of output>
Test time =  29.01 sec
----------------------------------------------------------
Test Passed.
"timerqueue_unittest" end time: Oct 19 15:36 CST
"timerqueue_unittest" time elapsed: 00:00:29
----------------------------------------------------------

End testing: Oct 19 15:36 CST
